<?xml version="1.0" encoding="UTF-8"?>
<testng-results skipped="0" failed="0" ignored="0" total="1" passed="1">
  <reporter-output>
  </reporter-output>
  <suite name="Suite" duration-ms="10820" started-at="2019-08-25T06:11:31Z" finished-at="2019-08-25T06:11:42Z">
    <groups>
    </groups>
    <test name="Test" duration-ms="10820" started-at="2019-08-25T06:11:31Z" finished-at="2019-08-25T06:11:42Z">
      <class name="seleniummaventest.SeleniumMavenTest">
        <test-method status="PASS" signature="beforeTest()[pri:0, instance:seleniummaventest.SeleniumMavenTest@2b98378d]" name="beforeTest" is-config="true" duration-ms="7512" started-at="2019-08-25T06:11:31Z" finished-at="2019-08-25T06:11:39Z">
          <reporter-output>
          </reporter-output>
        </test-method> <!-- beforeTest -->
        <test-method status="PASS" signature="f()[pri:0, instance:seleniummaventest.SeleniumMavenTest@2b98378d]" name="f" duration-ms="2198" started-at="2019-08-25T06:11:39Z" finished-at="2019-08-25T06:11:41Z">
          <reporter-output>
          </reporter-output>
        </test-method> <!-- f -->
        <test-method status="PASS" signature="afterTest()[pri:0, instance:seleniummaventest.SeleniumMavenTest@2b98378d]" name="afterTest" is-config="true" duration-ms="1086" started-at="2019-08-25T06:11:41Z" finished-at="2019-08-25T06:11:42Z">
          <reporter-output>
          </reporter-output>
        </test-method> <!-- afterTest -->
      </class> <!-- seleniummaventest.SeleniumMavenTest -->
    </test> <!-- Test -->
  </suite> <!-- Suite -->
</testng-results>
