<?xml version="1.0" encoding="UTF-8"?>
<testng-results skipped="0" failed="0" ignored="0" total="1" passed="1">
  <reporter-output>
  </reporter-output>
  <suite name="Suite" duration-ms="78216" started-at="2019-08-25T06:34:31Z" finished-at="2019-08-25T06:35:50Z">
    <groups>
    </groups>
    <test name="Test" duration-ms="78216" started-at="2019-08-25T06:34:31Z" finished-at="2019-08-25T06:35:50Z">
      <class name="seleniummaventest.SeleniumMavenTest">
        <test-method status="PASS" signature="beforeTest()[pri:0, instance:seleniummaventest.SeleniumMavenTest@68837a77]" name="beforeTest" is-config="true" duration-ms="58765" started-at="2019-08-25T06:34:31Z" finished-at="2019-08-25T06:35:30Z">
          <reporter-output>
          </reporter-output>
        </test-method> <!-- beforeTest -->
        <test-method status="PASS" signature="f()[pri:0, instance:seleniummaventest.SeleniumMavenTest@68837a77]" name="f" duration-ms="17423" started-at="2019-08-25T06:35:30Z" finished-at="2019-08-25T06:35:48Z">
          <reporter-output>
          </reporter-output>
        </test-method> <!-- f -->
        <test-method status="PASS" signature="afterTest()[pri:0, instance:seleniummaventest.SeleniumMavenTest@68837a77]" name="afterTest" is-config="true" duration-ms="1641" started-at="2019-08-25T06:35:48Z" finished-at="2019-08-25T06:35:50Z">
          <reporter-output>
          </reporter-output>
        </test-method> <!-- afterTest -->
      </class> <!-- seleniummaventest.SeleniumMavenTest -->
    </test> <!-- Test -->
  </suite> <!-- Suite -->
</testng-results>
